<?xml version="1.0" encoding="UTF-8"?>
<!-- Generated by org.testng.reporters.JUnitXMLReporter -->
<testsuite ignored="0" hostname="HarshAgarwal-FVFHG5HGQ05D" failures="0" tests="2" name="Test" time="3.386" errors="0" timestamp="2023-05-13T18:19:12 IST">
  <testcase classname="com.browserstack.CloudDriverTest" name="@BeforeTest setUp" time="3.304">
    <failure type="org.openqa.selenium.SessionNotCreatedException" message="Could not start a new session. Response code 401. Message: Invalid username or password 
Host info: host: &amp;apos;HarshAgarwal-FVFHG5HGQ05D&amp;apos;, ip: &amp;apos;2405:201:a41a:3067:c9ac:67f2:9b3f:4c70%en0&amp;apos;
Build info: version: &amp;apos;4.9.1&amp;apos;, revision: &amp;apos;eb2032df7f&amp;apos;
System info: os.name: &amp;apos;Mac OS X&amp;apos;, os.arch: &amp;apos;x86_64&amp;apos;, os.version: &amp;apos;13.2.1&amp;apos;, java.version: &amp;apos;17.0.5&amp;apos;
Driver info: org.openqa.selenium.remote.RemoteWebDriver
Command: [null, newSession {capabilities=[Capabilities {browserName: Chrome, bstack:options: {os: Windows, osVersion: 10, seleniumVersion: 4.0.0}}]}]
Capabilities {browserName: Chrome, bstack:options: {os: Windows, osVersion: 10, seleniumVersion: 4.0.0}}">
      <![CDATA[org.openqa.selenium.SessionNotCreatedException: Could not start a new session. Response code 401. Message: Invalid username or password 
Host info: host: 'HarshAgarwal-FVFHG5HGQ05D', ip: '2405:201:a41a:3067:c9ac:67f2:9b3f:4c70%en0'
Build info: version: '4.9.1', revision: 'eb2032df7f'
System info: os.name: 'Mac OS X', os.arch: 'x86_64', os.version: '13.2.1', java.version: '17.0.5'
Driver info: org.openqa.selenium.remote.RemoteWebDriver
Command: [null, newSession {capabilities=[Capabilities {browserName: Chrome, bstack:options: {os: Windows, osVersion: 10, seleniumVersion: 4.0.0}}]}]
Capabilities {browserName: Chrome, bstack:options: {os: Windows, osVersion: 10, seleniumVersion: 4.0.0}}
at org.openqa.selenium.remote.ProtocolHandshake.createSession(ProtocolHandshake.java:136)
at org.openqa.selenium.remote.ProtocolHandshake.createSession(ProtocolHandshake.java:94)
at org.openqa.selenium.remote.ProtocolHandshake.createSession(ProtocolHandshake.java:68)
at org.openqa.selenium.remote.HttpCommandExecutor.execute(HttpCommandExecutor.java:165)
at org.openqa.selenium.remote.TracedCommandExecutor.execute(TracedCommandExecutor.java:51)
at org.openqa.selenium.remote.RemoteWebDriver.execute(RemoteWebDriver.java:543)
at org.openqa.selenium.remote.RemoteWebDriver.startSession(RemoteWebDriver.java:229)
at org.openqa.selenium.remote.RemoteWebDriver.<init>(RemoteWebDriver.java:157)
at org.openqa.selenium.remote.RemoteWebDriver.<init>(RemoteWebDriver.java:139)
at com.browserstack.CloudDriverTest.setUp(CloudDriverTest.java:29)
... Removed 24 stack frames]]>
    </failure>
  </testcase> <!-- @BeforeTest setUp -->
  <testcase classname="com.browserstack.LocalDriverTest" name="@BeforeTest setUp" time="-1.683982151886E9">
    <skipped/>
  </testcase> <!-- @BeforeTest setUp -->
  <testcase classname="com.browserstack.CloudDriverTest" name="@AfterTest tearDown" time="-1.683982151951E9">
    <skipped/>
  </testcase> <!-- @AfterTest tearDown -->
  <testcase classname="com.browserstack.LocalDriverTest" name="@AfterTest tearDown" time="-1.683982151952E9">
    <skipped/>
  </testcase> <!-- @AfterTest tearDown -->
  <testcase classname="com.browserstack.CloudDriverTest" name="localdriverTest" time="0.0">
    <skipped/>
  </testcase> <!-- localdriverTest -->
  <testcase classname="com.browserstack.LocalDriverTest" name="doBSLogin" time="0.0">
    <skipped/>
  </testcase> <!-- doBSLogin -->
</testsuite> <!-- Test -->
